<?xml version="1.0" encoding="UTF-8"?>
<!-- Generated by org.testng.reporters.JUnitReportReporter -->
<testsuite hostname="LAPTOP-LERISS7F" failures="0" tests="1" name="Demo.ValidationMessage" time="6.165" errors="0" timestamp="2023-03-11T10:27:13 IST" skipped="0">
  <testcase classname="Demo.ValidationMessage" name="validationmessage" time="6.165"/>
  <system-out/>
</testsuite> <!-- Demo.ValidationMessage -->
