<?xml version="1.0" encoding="UTF-8"?>
<!-- Generated by org.testng.reporters.JUnitReportReporter -->
<testsuite hostname="LAPTOP-LERISS7F" failures="0" tests="1" name="TESTNGPackage.ValidationMessage" time="9.796" errors="0" timestamp="2023-02-12T18:13:11 IST" skipped="0">
  <testcase classname="TESTNGPackage.ValidationMessage" name="validationmessage" time="9.796"/>
  <system-out/>
</testsuite> <!-- TESTNGPackage.ValidationMessage -->
