<?xml version="1.0" encoding="UTF-8"?>
<!-- Generated by org.testng.reporters.JUnitReportReporter -->
<testsuite hostname="LAPTOP-LERISS7F" failures="0" tests="1" name="Demo.DemoTestNG" time="23.668" errors="0" timestamp="2023-03-12T10:34:49 IST" skipped="0">
  <testcase classname="Demo.DemoTestNG" name="openbrowser" time="23.668"/>
  <system-out/>
</testsuite> <!-- Demo.DemoTestNG -->
