<?xml version="1.0" encoding="UTF-8"?>
<!-- Generated by org.testng.reporters.JUnitReportReporter -->
<testsuite hostname="LAPTOP-LERISS7F" failures="0" tests="2" name="TESTNGPackage.DemoTestNG" time="5.914" errors="0" timestamp="2023-02-12T17:43:23 IST" skipped="0">
  <testcase classname="TESTNGPackage.DemoTestNG" name="openbrowser" time="5.913"/>
  <system-out/>
  <testcase classname="TESTNGPackage.DemoTestNG" name="TestMethod" time="0.001"/>
  <system-out/>
</testsuite> <!-- TESTNGPackage.DemoTestNG -->
