<?xml version="1.0" encoding="UTF-8"?>
<!-- Generated by org.testng.reporters.JUnitReportReporter -->
<testsuite hostname="LAPTOP-LERISS7F" failures="0" tests="1" name="Demo.DemoTestNG" time="21.982" errors="0" timestamp="2023-03-12T10:54:15 IST" skipped="0">
  <testcase classname="Demo.DemoTestNG" name="openbrowser" time="21.982"/>
  <system-out/>
</testsuite> <!-- Demo.DemoTestNG -->
